<?xml version="1.0" encoding="UTF-8"?>
<testsuite xmlns:xsi="http://www.w3.org/2001/XMLSchema-instance" xsi:noNamespaceSchemaLocation="https://maven.apache.org/surefire/maven-surefire-plugin/xsd/surefire-test-report-3.0.xsd" version="3.0" name="com.FranDev.ProyectoCine.ProyectoCineApplicationTests" time="12.474" tests="1" errors="0" skipped="0" failures="0">
  <properties>
[...]
</properties>
  <testcase name="contextLoads" classname="com.FranDev.ProyectoCine.ProyectoCineApplicationTests" time="0.987">
    <system-out><![CDATA[18:43:13.965 [main] INFO org.springframework.test.context.support.AnnotationConfigContextLoaderUtils -- Could not detect default configuration classes for test class [com.FranDev.ProyectoCine.ProyectoCineApplicationTests]: ProyectoCineApplicationTests does not declare any static, non-private, non-final, nested classes annotated with @Configuration.
18:43:14.272 [main] INFO org.springframework.boot.test.context.SpringBootTestContextBootstrapper -- Found @SpringBootConfiguration com.FranDev.ProyectoCine.ProyectoCineApplication for test class com.FranDev.ProyectoCine.ProyectoCineApplicationTests
18:43:14.790 [main] INFO org.springframework.boot.devtools.restart.RestartApplicationListener -- Restart disabled due to context in which it is running

  .   ____          _            __ _ _
 /\\ / ___'_ __ _ _(_)_ __  __ _ \ \ \ \
( ( )\___ | '_ | '_| | '_ \/ _` | \ \ \ \
 \\/  ___)| |_)| | | | | || (_| |  ) ) ) )
  '  |____| .__|_| |_|_| |_\__, | / / / /
 =========|_|==============|___/=/_/_/_/

 :: Spring Boot ::                (v3.3.2)

2024-10-11T18:43:15.594-03:00  INFO 20316 --- [ProyectoCine] [           main] c.F.P.ProyectoCineApplicationTests       : Starting ProyectoCineApplicationTests using Java 22 with PID 20316 (started by usuario in C:\Users\usuario\Desktop\ProyectosPortafolio\ProyectoCine)
2024-10-11T18:43:15.596-03:00  INFO 20316 --- [ProyectoCine] [           main] c.F.P.ProyectoCineApplicationTests       : No active profile set, falling back to 1 default profile: "default"
2024-10-11T18:43:17.696-03:00  INFO 20316 --- [ProyectoCine] [           main] .s.d.r.c.RepositoryConfigurationDelegate : Bootstrapping Spring Data JPA repositories in DEFAULT mode.
2024-10-11T18:43:17.812-03:00  INFO 20316 --- [ProyectoCine] [           main] .s.d.r.c.RepositoryConfigurationDelegate : Finished Spring Data repository scanning in 95 ms. Found 2 JPA repository interfaces.
2024-10-11T18:43:19.212-03:00  INFO 20316 --- [ProyectoCine] [           main] o.hibernate.jpa.internal.util.LogHelper  : HHH000204: Processing PersistenceUnitInfo [name: default]
2024-10-11T18:43:19.443-03:00  INFO 20316 --- [ProyectoCine] [           main] org.hibernate.Version                    : HHH000412: Hibernate ORM core version 6.5.2.Final
2024-10-11T18:43:19.557-03:00  INFO 20316 --- [ProyectoCine] [           main] o.h.c.internal.RegionFactoryInitiator    : HHH000026: Second-level cache disabled
2024-10-11T18:43:20.323-03:00  INFO 20316 --- [ProyectoCine] [           main] o.s.o.j.p.SpringPersistenceUnitInfo      : No LoadTimeWeaver setup: ignoring JPA class transformer
2024-10-11T18:43:20.375-03:00  INFO 20316 --- [ProyectoCine] [           main] com.zaxxer.hikari.HikariDataSource       : HikariPool-1 - Starting...
2024-10-11T18:43:20.680-03:00  INFO 20316 --- [ProyectoCine] [           main] com.zaxxer.hikari.pool.HikariPool        : HikariPool-1 - Added connection org.postgresql.jdbc.PgConnection@38bc5ac0
2024-10-11T18:43:20.682-03:00  INFO 20316 --- [ProyectoCine] [           main] com.zaxxer.hikari.HikariDataSource       : HikariPool-1 - Start completed.
2024-10-11T18:43:22.807-03:00  INFO 20316 --- [ProyectoCine] [           main] o.h.e.t.j.p.i.JtaPlatformInitiator       : HHH000489: No JTA platform available (set 'hibernate.transaction.jta.platform' to enable JTA platform integration)
2024-10-11T18:43:22.946-03:00  INFO 20316 --- [ProyectoCine] [           main] j.LocalContainerEntityManagerFactoryBean : Initialized JPA EntityManagerFactory for persistence unit 'default'
2024-10-11T18:43:23.396-03:00  WARN 20316 --- [ProyectoCine] [           main] JpaBaseConfiguration$JpaWebConfiguration : spring.jpa.open-in-view is enabled by default. Therefore, database queries may be performed during view rendering. Explicitly configure spring.jpa.open-in-view to disable this warning
2024-10-11T18:43:23.444-03:00  INFO 20316 --- [ProyectoCine] [           main] o.s.b.a.w.s.WelcomePageHandlerMapping    : Adding welcome page template: index
2024-10-11T18:43:24.974-03:00  INFO 20316 --- [ProyectoCine] [           main] c.F.P.ProyectoCineApplicationTests       : Started ProyectoCineApplicationTests in 10.213 seconds (process running for 12.55)
]]></system-out>
    <system-err><![CDATA[WARNING: A Java agent has been loaded dynamically (C:\Users\usuario\.m2\repository\net\bytebuddy\byte-buddy-agent\1.14.18\byte-buddy-agent-1.14.18.jar)
WARNING: If a serviceability tool is in use, please run with -XX:+EnableDynamicAgentLoading to hide this warning
WARNING: If a serviceability tool is not in use, please run with -Djdk.instrument.traceUsage for more information
WARNING: Dynamic loading of agents will be disallowed by default in a future release
]]></system-err>
  </testcase>
</testsuite>